[[0.5     0.67384 0.8088  0.89902 0.95198 0.97953 0.99225 0.99743 0.99927 0.99983 0.99997]
 [0.32616 0.5     0.66414 0.79617 0.88855 0.9454  0.97626 0.99097 0.99706 0.9992  0.99983]
 [0.1912  0.33585 0.5     0.65727 0.7874  0.88153 0.9413  0.97452 0.99051 0.99706 0.99927]
 [0.10098 0.20383 0.34273 0.5     0.6529  0.78227 0.87803 0.93992 0.97452 0.99097 0.99743]
 [0.04802 0.11145 0.2126  0.3471  0.5     0.65079 0.78058 0.87803 0.9413  0.97626 0.99225]
 [0.02047 0.0546  0.11847 0.21773 0.34922 0.5     0.65078 0.78227 0.88153 0.9454  0.97953]
 [0.00775 0.02374 0.0587  0.12197 0.21942 0.34921 0.5     0.6529  0.7874  0.88855 0.95198]
 [0.00257 0.00903 0.02548 0.06008 0.12197 0.21773 0.3471  0.5     0.65727 0.79617 0.89902]
 [0.00073 0.00294 0.00949 0.02548 0.0587  0.11847 0.2126  0.34273 0.5     0.66415 0.8088 ]
 [0.00017 0.0008  0.00294 0.00903 0.02374 0.0546  0.11145 0.20383 0.33586 0.5     0.67384]
 [0.00003 0.00017 0.00073 0.00257 0.00775 0.02047 0.04802 0.10098 0.1912  0.32616 0.5    ]]
k1  4 n1 10 k2  6 n2 10
n 30  numerator 2.94582e-07  marginal 3.77383e-07  P 0.78059
n  5  numerator 2.87268e-07 (7.31e-09)  marginal 3.92430e-07 (1.50e-08)  P 0.73202 (4.86e-02)
n  6  numerator 3.01546e-07 (6.96e-09)  marginal 3.71806e-07 (5.58e-09)  P 0.81103 (3.04e-02)
n  7  numerator 2.88896e-07 (5.69e-09)  marginal 3.79108e-07 (1.72e-09)  P 0.76204 (1.85e-02)
n  8  numerator 2.98881e-07 (4.30e-09)  marginal 3.77167e-07 (2.15e-10)  P 0.79244 (1.18e-02)
n  9  numerator 2.91435e-07 (3.15e-09)  marginal 3.77090e-07 (2.93e-10)  P 0.77285 (7.74e-03)
n 10  numerator 2.96829e-07 (2.25e-09)  marginal 3.77783e-07 (4.00e-10)  P 0.78571 (5.12e-03)
n 11  numerator 2.92985e-07 (1.60e-09)  marginal 3.77020e-07 (3.63e-10)  P 0.77711 (3.48e-03)
n 12  numerator 2.95701e-07 (1.12e-09)  marginal 3.77670e-07 (2.87e-10)  P 0.78296 (2.37e-03)
n 13  numerator 2.93790e-07 (7.92e-10)  marginal 3.77170e-07 (2.13e-10)  P 0.77893 (1.66e-03)
n 14  numerator 2.95133e-07 (5.51e-10)  marginal 3.77535e-07 (1.52e-10)  P 0.78174 (1.15e-03)
n 15  numerator 2.94189e-07 (3.93e-10)  marginal 3.77277e-07 (1.06e-10)  P 0.77977 (8.22e-04)
n 16  numerator 2.94854e-07 (2.72e-10)  marginal 3.77456e-07 (7.27e-11)  P 0.78116 (5.71e-04)
n 17  numerator 2.94384e-07 (1.98e-10)  marginal 3.77333e-07 (5.01e-11)  P 0.78017 (4.20e-04)
n 18  numerator 2.94717e-07 (1.35e-10)  marginal 3.77416e-07 (3.35e-11)  P 0.78088 (2.89e-04)
n 19  numerator 2.94480e-07 (1.02e-10)  marginal 3.77360e-07 (2.31e-11)  P 0.78037 (2.21e-04)
n 20  numerator 2.94649e-07 (6.75e-11)  marginal 3.77398e-07 (1.51e-11)  P 0.78074 (1.48e-04)
